<?xml version="1.0" encoding="UTF-8"?>
<!-- Generated by org.testng.reporters.JUnitReportReporter -->
<testsuite hostname="LAPTOP-VGV32DM1" failures="0" tests="3" name="com.helloworld.MyClass" time="0.013" errors="0" timestamp="2021-03-30T10:06:41 EDT" skipped="0">
  <testcase classname="com.helloworld.MyClass" name="Setup" time="0.010"/>
  <system-out/>
  <testcase classname="com.helloworld.MyClass" name="LogIn" time="0.002"/>
  <system-out/>
  <testcase classname="com.helloworld.MyClass" name="Close" time="0.001"/>
  <system-out/>
</testsuite> <!-- com.helloworld.MyClass -->
